<?xml version="1.0" encoding="UTF-8"?>
<testng-results skipped="0" failed="0" ignored="0" total="1" passed="1">
  <reporter-output>
  </reporter-output>
  <suite name="Default suite" duration-ms="13099" started-at="2018-04-07T08:24:08Z" finished-at="2018-04-07T08:24:21Z">
    <groups>
    </groups>
    <test name="Default test" duration-ms="13099" started-at="2018-04-07T08:24:08Z" finished-at="2018-04-07T08:24:21Z">
      <class name="InputFormsTestScripts.CheckBoxTestScripts">
        <test-method status="PASS" signature="CheckBoxTestScript1()[pri:0, instance:InputFormsTestScripts.CheckBoxTestScripts@1500955a]" name="CheckBoxTestScript1" is-config="true" duration-ms="12209" started-at="2018-04-07T08:24:08Z" finished-at="2018-04-07T08:24:20Z">
          <reporter-output>
          </reporter-output>
        </test-method> <!-- CheckBoxTestScript1 -->
        <test-method status="PASS" signature="CheckBoxtestScript2()[pri:0, instance:InputFormsTestScripts.CheckBoxTestScripts@1500955a]" name="CheckBoxtestScript2" duration-ms="865" started-at="2018-04-07T08:24:20Z" finished-at="2018-04-07T08:24:21Z">
          <reporter-output>
          </reporter-output>
        </test-method> <!-- CheckBoxtestScript2 -->
      </class> <!-- InputFormsTestScripts.CheckBoxTestScripts -->
    </test> <!-- Default test -->
  </suite> <!-- Default suite -->
</testng-results>
